<?xml version="1.0" encoding="UTF-8"?>
<testng-results skipped="0" failed="1" total="4" passed="3">
  <reporter-output>
  </reporter-output>
  <suite name="Suite" duration-ms="125275" started-at="2020-02-12T21:31:18Z" finished-at="2020-02-12T21:33:24Z">
    <groups>
    </groups>
    <test name="SalesForce" duration-ms="125275" started-at="2020-02-12T21:31:18Z" finished-at="2020-02-12T21:33:24Z">
      <class name="TestCases.ForgorPasswordTest">
        <test-method status="PASS" signature="setUp()[pri:0, instance:TestCases.ForgorPasswordTest@214b199c]" name="setUp" is-config="true" duration-ms="11074" started-at="2020-02-12T13:32:06Z" finished-at="2020-02-12T13:32:17Z">
          <reporter-output>
          </reporter-output>
        </test-method> <!-- setUp -->
        <test-method status="PASS" signature="TC_4A_forgotPassword()[pri:0, instance:TestCases.ForgorPasswordTest@214b199c]" name="TC_4A_forgotPassword" duration-ms="16606" started-at="2020-02-12T13:32:17Z" finished-at="2020-02-12T13:32:33Z">
          <reporter-output>
          </reporter-output>
        </test-method> <!-- TC_4A_forgotPassword -->
        <test-method status="PASS" signature="TearDown()[pri:0, instance:TestCases.ForgorPasswordTest@214b199c]" name="TearDown" is-config="true" duration-ms="4762" started-at="2020-02-12T13:32:33Z" finished-at="2020-02-12T13:32:38Z">
          <reporter-output>
          </reporter-output>
        </test-method> <!-- TearDown -->
      </class> <!-- TestCases.ForgorPasswordTest -->
      <class name="TestCases.HomePageTest">
        <test-method status="PASS" signature="setUp()[pri:0, instance:TestCases.HomePageTest@2145433b]" name="setUp" is-config="true" duration-ms="16233" started-at="2020-02-12T13:31:18Z" finished-at="2020-02-12T13:31:35Z">
          <reporter-output>
          </reporter-output>
        </test-method> <!-- setUp -->
        <test-method status="PASS" signature="TC_05_SelectUserMenu()[pri:0, instance:TestCases.HomePageTest@2145433b]" name="TC_05_SelectUserMenu" duration-ms="22060" started-at="2020-02-12T13:31:35Z" finished-at="2020-02-12T13:31:57Z">
          <reporter-output>
          </reporter-output>
        </test-method> <!-- TC_05_SelectUserMenu -->
        <test-method status="PASS" signature="TearDown()[pri:0, instance:TestCases.HomePageTest@2145433b]" name="TearDown" is-config="true" duration-ms="8935" started-at="2020-02-12T13:31:57Z" finished-at="2020-02-12T13:32:06Z">
          <reporter-output>
          </reporter-output>
        </test-method> <!-- TearDown -->
      </class> <!-- TestCases.HomePageTest -->
      <class name="TestCases.loginPageTest">
        <test-method status="PASS" signature="setUp()[pri:0, instance:TestCases.loginPageTest@20d3d15a]" name="setUp" is-config="true" duration-ms="10905" started-at="2020-02-12T13:32:38Z" finished-at="2020-02-12T13:32:49Z">
          <reporter-output>
          </reporter-output>
        </test-method> <!-- setUp -->
        <test-method status="PASS" signature="TC_02_loginToSFDC()[pri:0, instance:TestCases.loginPageTest@20d3d15a]" name="TC_02_loginToSFDC" duration-ms="7720" started-at="2020-02-12T13:32:49Z" finished-at="2020-02-12T13:32:57Z">
          <reporter-output>
          </reporter-output>
        </test-method> <!-- TC_02_loginToSFDC -->
        <test-method status="PASS" signature="TearDown()[pri:0, instance:TestCases.loginPageTest@20d3d15a]" name="TearDown" is-config="true" duration-ms="4565" started-at="2020-02-12T13:32:57Z" finished-at="2020-02-12T13:33:01Z">
          <reporter-output>
          </reporter-output>
        </test-method> <!-- TearDown -->
        <test-method status="PASS" signature="setUp()[pri:0, instance:TestCases.loginPageTest@20d3d15a]" name="setUp" is-config="true" duration-ms="11336" started-at="2020-02-12T13:33:01Z" finished-at="2020-02-12T13:33:13Z">
          <reporter-output>
          </reporter-output>
        </test-method> <!-- setUp -->
        <test-method status="FAIL" signature="TC_4B_validateLoginErrorMessage()[pri:0, instance:TestCases.loginPageTest@20d3d15a]" name="TC_4B_validateLoginErrorMessage" duration-ms="5039" started-at="2020-02-12T13:33:13Z" finished-at="2020-02-12T13:33:18Z">
          <exception class="java.lang.AssertionError">
            <message>
              <![CDATA[expected [Please check your username and password. If you still can't log in, contact your Salesforce administrato] but found [Please check your username and password. If you still can't log in, contact your Salesforce administrator.]]]>
            </message>
            <full-stacktrace>
              <![CDATA[java.lang.AssertionError: expected [Please check your username and password. If you still can't log in, contact your Salesforce administrato] but found [Please check your username and password. If you still can't log in, contact your Salesforce administrator.]
	at org.testng.Assert.fail(Assert.java:94)
	at org.testng.Assert.failNotEquals(Assert.java:494)
	at org.testng.Assert.assertEquals(Assert.java:123)
	at org.testng.Assert.assertEquals(Assert.java:176)
	at org.testng.Assert.assertEquals(Assert.java:186)
	at Utility.Resuable.validateText(Resuable.java:58)
	at Pages.loginPage.getErrorMessage(loginPage.java:38)
	at TestCases.loginPageTest.TC_4B_validateLoginErrorMessage(loginPageTest.java:107)
	at sun.reflect.NativeMethodAccessorImpl.invoke0(Native Method)
	at sun.reflect.NativeMethodAccessorImpl.invoke(NativeMethodAccessorImpl.java:62)
	at sun.reflect.DelegatingMethodAccessorImpl.invoke(DelegatingMethodAccessorImpl.java:43)
	at java.lang.reflect.Method.invoke(Method.java:498)
	at org.testng.internal.MethodInvocationHelper.invokeMethod(MethodInvocationHelper.java:80)
	at org.testng.internal.Invoker.invokeMethod(Invoker.java:714)
	at org.testng.internal.Invoker.invokeTestMethod(Invoker.java:901)
	at org.testng.internal.Invoker.invokeTestMethods(Invoker.java:1231)
	at org.testng.internal.TestMethodWorker.invokeTestMethods(TestMethodWorker.java:127)
	at org.testng.internal.TestMethodWorker.run(TestMethodWorker.java:111)
	at org.testng.TestRunner.privateRun(TestRunner.java:767)
	at org.testng.TestRunner.run(TestRunner.java:617)
	at org.testng.SuiteRunner.runTest(SuiteRunner.java:334)
	at org.testng.SuiteRunner.runSequentially(SuiteRunner.java:329)
	at org.testng.SuiteRunner.privateRun(SuiteRunner.java:291)
	at org.testng.SuiteRunner.run(SuiteRunner.java:240)
	at org.testng.SuiteRunnerWorker.runSuite(SuiteRunnerWorker.java:52)
	at org.testng.SuiteRunnerWorker.run(SuiteRunnerWorker.java:86)
	at org.testng.TestNG.runSuitesSequentially(TestNG.java:1198)
	at org.testng.TestNG.runSuitesLocally(TestNG.java:1123)
	at org.testng.TestNG.run(TestNG.java:1031)
	at org.testng.remote.AbstractRemoteTestNG.run(AbstractRemoteTestNG.java:115)
	at org.testng.remote.RemoteTestNG.initAndRun(RemoteTestNG.java:251)
	at org.testng.remote.RemoteTestNG.main(RemoteTestNG.java:77)
]]>
            </full-stacktrace>
          </exception> <!-- java.lang.AssertionError -->
          <reporter-output>
          </reporter-output>
        </test-method> <!-- TC_4B_validateLoginErrorMessage -->
        <test-method status="PASS" signature="TearDown()[pri:0, instance:TestCases.loginPageTest@20d3d15a]" name="TearDown" is-config="true" duration-ms="4735" started-at="2020-02-12T13:33:19Z" finished-at="2020-02-12T13:33:24Z">
          <reporter-output>
          </reporter-output>
        </test-method> <!-- TearDown -->
      </class> <!-- TestCases.loginPageTest -->
    </test> <!-- SalesForce -->
  </suite> <!-- Suite -->
</testng-results>
